<?xml version="1.0" encoding="utf-8"?><testsuites name="pytest tests"><testsuite name="pytest" errors="0" failures="0" skipped="0" tests="21" time="12.757" timestamp="2026-08-24T15:45:01.568162+00:00" hostname="agent-env-3473c3db-c003-46fe-acbe-a62edc496408"><testcase classname="tests.backend_test.TestLoadDemo" name="test_init_with_demo_loads_brightline" time="0.196" /><testcase classname="tests.backend_test.TestBriefStream" name="test_stream_requires_sources" time="0.265" /><testcase classname="tests.backend_test.TestLoadDemo" name="test_load_nimbus_appends_and_is_idempotent" time="0.326" /><testcase classname="tests.backend_test.TestLoadDemo" name="test_delete_then_reload_restores_only_missing" time="0.240" /><testcase classname="tests.backend_test.TestLoadDemo" name="test_upload_appends_without_removing_demo" time="0.320" /><testcase classname="tests.backend_test.TestLoadDemo" name="test_missing_file_404" time="0.072" /><testcase classname="tests.backend_test.TestChatFeedback" name="test_chat_grounded" time="2.623" /><testcase classname="tests.backend_test.TestChatFeedback" name="test_chat_out_of_scope" time="0.326" /><testcase classname="tests.backend_test.TestChatFeedback" name="test_chat_empty_question_400" time="0.385" /><testcase classname="tests.backend_test.TestChatFeedback" name="test_feedback" time="0.460" /><testcase classname="tests.backend_test.TestDemoAccounts" name="test_root" time="0.081" /><testcase classname="tests.backend_test.TestDemoAccounts" name="test_demo_accounts_list" time="0.075" /><testcase classname="tests.backend_test.TestBriefStream" name="test_headers" time="6.145" /><testcase classname="tests.backend_test.TestBriefStream" name="test_stream_is_incremental" time="5.545" /><testcase classname="tests.backend_test.TestBriefStream" name="test_event_sequence" time="0.000" /><testcase classname="tests.backend_test.TestBriefStream" name="test_meta_payload" time="0.000" /><testcase classname="tests.backend_test.TestBriefStream" name="test_section_payloads" time="0.000" /><testcase classname="tests.backend_test.TestBriefStream" name="test_done_overall_confidence" time="0.000" /><testcase classname="tests.backend_test.TestBriefStream" name="test_intent_signals_flags_contradiction" time="0.000" /><testcase classname="tests.backend_test.TestBriefStream" name="test_chunk_ids_are_valid" time="0.000" /><testcase classname="tests.backend_test.TestBriefStream" name="test_brief_persisted_after_stream" time="0.275" /></testsuite></testsuites>